0 info it worked if it ends with ok
1 verbose cli [ 'C:\\Program Files\\nodejs\\node.exe',
1 verbose cli   'C:\\Users\\pc\\AppData\\Roaming\\npm\\node_modules\\cnpm\\node_modules\\npm\\bin\\npm-cli.js',
1 verbose cli   '--userconfig=C:\\Users\\pc\\.cnpmrc',
1 verbose cli   '--disturl=https://npm.taobao.org/mirrors/node',
1 verbose cli   '--registry=https://registry.npm.taobao.org',
1 verbose cli   'run',
1 verbose cli   'lint' ]
2 info using npm@3.10.10
3 info using node@v6.10.3
4 verbose run-script [ 'prelint', 'lint', 'postlint' ]
5 info lifecycle react-project@1.0.0~prelint: react-project@1.0.0
6 silly lifecycle react-project@1.0.0~prelint: no script for prelint, continuing
7 info lifecycle react-project@1.0.0~lint: react-project@1.0.0
8 verbose lifecycle react-project@1.0.0~lint: unsafe-perm in lifecycle true
9 verbose lifecycle react-project@1.0.0~lint: PATH: C:\Users\pc\AppData\Roaming\npm\node_modules\cnpm\node_modules\npm\bin\node-gyp-bin;F:\demo\react-demo\node_modules\.bin;C:\Windows\system32;C:\Windows;C:\Windows\System32\Wbem;C:\Windows\System32\WindowsPowerShell\v1.0\;C:\Program Files (x86)\ATI Technologies\ATI.ACE\Core-Static;C:\Program Files\nodejs\;C:\Program Files\Git\cmd;%JAVA_HOME%\bin;C:\Users\pc\AppData\Local\Microsoft\WindowsApps;C:\Users\pc\AppData\Roaming\npm;C:\Users\pc\AppData\Local\atom\bin
10 verbose lifecycle react-project@1.0.0~lint: CWD: F:\demo\react-demo
11 silly lifecycle react-project@1.0.0~lint: Args: [ '/d /s /c', 'eslint --ext .js src test' ]
12 silly lifecycle react-project@1.0.0~lint: Returned: code: 1  signal: null
13 info lifecycle react-project@1.0.0~lint: Failed to exec lint script
14 verbose stack Error: react-project@1.0.0 lint: `eslint --ext .js src test`
14 verbose stack Exit status 1
14 verbose stack     at EventEmitter.<anonymous> (C:\Users\pc\AppData\Roaming\npm\node_modules\cnpm\node_modules\npm\lib\utils\lifecycle.js:255:16)
14 verbose stack     at emitTwo (events.js:106:13)
14 verbose stack     at EventEmitter.emit (events.js:191:7)
14 verbose stack     at ChildProcess.<anonymous> (C:\Users\pc\AppData\Roaming\npm\node_modules\cnpm\node_modules\npm\lib\utils\spawn.js:40:14)
14 verbose stack     at emitTwo (events.js:106:13)
14 verbose stack     at ChildProcess.emit (events.js:191:7)
14 verbose stack     at maybeClose (internal/child_process.js:886:16)
14 verbose stack     at Process.ChildProcess._handle.onexit (internal/child_process.js:226:5)
15 verbose pkgid react-project@1.0.0
16 verbose cwd F:\demo\react-demo
17 error Windows_NT 10.0.14393
18 error argv "C:\\Program Files\\nodejs\\node.exe" "C:\\Users\\pc\\AppData\\Roaming\\npm\\node_modules\\cnpm\\node_modules\\npm\\bin\\npm-cli.js" "--userconfig=C:\\Users\\pc\\.cnpmrc" "--disturl=https://npm.taobao.org/mirrors/node" "--registry=https://registry.npm.taobao.org" "run" "lint"
19 error node v6.10.3
20 error npm  v3.10.10
21 error code ELIFECYCLE
22 error react-project@1.0.0 lint: `eslint --ext .js src test`
22 error Exit status 1
23 error Failed at the react-project@1.0.0 lint script 'eslint --ext .js src test'.
23 error Make sure you have the latest version of node.js and npm installed.
23 error If you do, this is most likely a problem with the react-project package,
23 error not with npm itself.
23 error Tell the author that this fails on your system:
23 error     eslint --ext .js src test
23 error You can get information on how to open an issue for this project with:
23 error     npm bugs react-project
23 error Or if that isn't available, you can get their info via:
23 error     npm owner ls react-project
23 error There is likely additional logging output above.
24 verbose exit [ 1, true ]
